A = 0.0
B = 1.0
C = 0.0
y(c) = 0.0
h_min = 0.0001
eps = 0.0001
x = 0.0  ,y = 0.0
x = 0.05                      y = 0.0038343750000000005     err = 2.187499999999976e-05    
x = 0.1                       y = 0.010428883268229168      err = 2.2996549479166115e-05   
x = 0.15000000000000002       y = 0.019925039137460666      err = 2.4175601734753582e-05   
x = 0.2                       y = 0.03247161249823756       err = 2.5415104982030867e-05   
x = 0.25                      y = 0.04822500079736595       err = 2.6718158593709573e-05   
x = 0.3                       y = 0.0673496201090809        err = 2.808802084994233e-05    
x = 0.35                      y = 0.0900183162567569        err = 2.9528117085605987e-05   
x = 0.39999999999999997       y = 0.11641279701317103       err = 3.104204825533918e-05    
x = 0.44999999999999996       y = 0.14672408646003382       err = 3.2633599937770263e-05   
x = 0.49999999999999994       y = 0.1811530026429118        err = 3.4306751801244095e-05   
x = 0.5499999999999999        y = 0.21991065971591608       err = 3.6065687555070225e-05   
x = 0.6                       y = 0.26321899583176755       err = 3.791480541076586e-05    
x = 0.65                      y = 0.3113113280972255        err = 3.985872907985577e-05    
x = 0.7000000000000001        y = 0.3644329359815437        err = 4.190231933537403e-05    
x = 0.7500000000000001        y = 0.4228416746367641        err = 4.405068616625263e-05    
x = 0.8000000000000002        y = 0.4868086196634532        err = 4.630920155490603e-05    
x = 0.8500000000000002        y = 0.5566187449341148        err = 4.8683512909653004e-05   
x = 0.9000000000000002        y = 0.6325716351691744        err = 5.1179557186142866e-05   
x = 0.9500000000000003        y = 0.7149822350473273        err = 5.380357573270267e-05    
x = 0.9750000000000003        y = 0.7580794155340332        err = 7.005162070528037e-06    
x = 0.9875000000000003        y = 0.7801145503633465        err = 8.93743299257288e-07     
x = 0.9937500000000002        y = 0.7912554937139542        err = 1.1286883749850318e-07   
x = 0.9968750000000003        y = 0.7968570296064017        err = 1.4181165020055175e-08   
x = 0.9984375000000003        y = 0.7996655913108797        err = 1.7772003868543607e-09   
x = 0.9992187500000003        y = 0.8010718240766797        err = 2.2243540342969936e-10   
x = 0.9996093750000002        y = 0.8017754288729095        err = 2.7822300019408885e-11   
x = 0.9998046875000003        y = 0.8021273534287676        err = 3.4789948699653905e-12   
x = 0.9999023437500001        y = 0.8023033462529362        err = 4.3498538104813633e-13   
x = 1.0                       y = 0.8024793658019521        err = 4.3498538104813633e-13   
points = 29
notReached = 0
h_min = 0
